mode: set
app/src/config/plugins/env.plugin.go:22.48,24.25 2 1
app/src/config/plugins/env.plugin.go:24.25,26.3 1 1
app/src/config/plugins/env.plugin.go:27.2,27.28 1 1
app/src/config/plugins/env.plugin.go:34.70,36.16 2 1
app/src/config/plugins/env.plugin.go:36.16,39.3 1 1
app/src/config/plugins/env.plugin.go:42.2,49.18 1 0
app/src/modules/tasks/app/create-task.usecase.go:13.114,15.25 2 1
app/src/modules/tasks/app/create-task.usecase.go:15.25,17.3 1 1
app/src/modules/tasks/app/create-task.usecase.go:18.2,18.29 1 1
app/src/modules/tasks/app/delete-task.usecase.go:12.57,14.25 2 1
app/src/modules/tasks/app/delete-task.usecase.go:14.25,16.3 1 1
app/src/modules/tasks/app/delete-task.usecase.go:17.2,17.22 1 1
app/src/modules/tasks/app/get-task.usecase.go:13.71,15.25 2 1
app/src/modules/tasks/app/get-task.usecase.go:15.25,17.3 1 1
app/src/modules/tasks/app/get-task.usecase.go:18.2,18.29 1 1
app/src/modules/tasks/app/list-task.usecase.go:13.82,15.25 2 1
app/src/modules/tasks/app/list-task.usecase.go:15.25,17.3 1 1
app/src/modules/tasks/app/list-task.usecase.go:18.2,18.29 1 1
app/src/modules/tasks/app/save-task.usecase.go:13.67,15.25 2 1
app/src/modules/tasks/app/save-task.usecase.go:15.25,17.3 1 1
app/src/modules/tasks/app/save-task.usecase.go:18.2,18.22 1 1
app/src/modules/tasks/app/update-task.usecase.go:13.109,15.25 2 1
app/src/modules/tasks/app/update-task.usecase.go:15.25,17.3 1 1
app/src/modules/tasks/app/update-task.usecase.go:18.2,18.29 1 1
